\BOOKMARK [1][-]{section.1}{\376\377\000T\000e\000m\000a\000\040\0001\000:\000\040\000S\000u\000c\000e\000s\000o\000s\000\040\000y\000\040\000p\000r\000o\000b\000a\000b\000i\000l\000i\000d\000a\000d\000e\000s}{}% 1
\BOOKMARK [2][-]{subsection.1.1}{\376\377\000F\000o\000r\000m\000a\000l\000i\000z\000a\000n\000d\000o}{section.1}% 2
\BOOKMARK [2][-]{subsection.1.2}{\376\377\000P\000r\000o\000b\000a\000b\000i\000l\000i\000d\000a\000d\000\040\000c\000o\000n\000d\000i\000c\000i\000o\000n\000a\000d\000a\000\040\000y\000\040\000t\000o\000t\000a\000l\000,\000\040\000i\000n\000d\000e\000p\000e\000n\000d\000e\000n\000c\000i\000a\000\040\000y\000\040\000B\000a\000y\000e\000s}{section.1}% 3
\BOOKMARK [3][-]{subsubsection.1.2.1}{\376\377\000P\000r\000o\000b\000a\000b\000i\000l\000i\000d\000a\000d\000\040\000t\000o\000t\000a\000l}{subsection.1.2}% 4
\BOOKMARK [3][-]{subsubsection.1.2.2}{\376\377\000C\000o\000n\000t\000i\000n\000u\000i\000d\000a\000d\000\040\000d\000e\000\040\000l\000a\000\040\000p\000r\000o\000b\000a\000b\000i\000l\000i\000d\000a\000d\000:\000\040\000d\000e\000t\000a\000l\000l\000e\000\040\000t\000\351\000c\000n\000i\000c\000o}{subsection.1.2}% 5
\BOOKMARK [1][-]{section.2}{\376\377\000T\000e\000m\000a\000\040\0002\000:\000\040\000V\000a\000r\000i\000a\000b\000l\000e\000s\000\040\000a\000l\000e\000a\000t\000o\000r\000i\000a\000s\000\040\000d\000i\000s\000c\000r\000e\000t\000a\000s}{}% 6
\BOOKMARK [2][-]{subsection.2.1}{\376\377\000F\000u\000n\000c\000i\000o\000n\000e\000s\000\040\000t\000r\000a\000n\000s\000f\000o\000r\000m\000a\000d\000o\000r\000a\000s\000\040\000d\000e\000\040\000v\000a\000r\000i\000a\000b\000l\000e\000s\000\040\000a\000l\000e\000a\000t\000o\000r\000i\000a\000s\000\040\000\050\000d\000i\000s\000c\000r\000e\000t\000a\000s\000\051}{section.2}% 7
\BOOKMARK [2][-]{subsection.2.2}{\376\377\000R\000e\000s\000\372\000m\000e\000n\000e\000s\000:\000\040\000e\000s\000p\000e\000r\000a\000n\000z\000a\000,\000\040\000v\000a\000r\000i\000a\000n\000z\000a\000,\000\040\000m\000o\000m\000e\000n\000t\000o\000s}{section.2}% 8
\BOOKMARK [3][-]{subsubsection.2.2.1}{\376\377\000E\000s\000p\000e\000r\000a\000n\000z\000a\000\040\000c\000o\000n\000d\000i\000c\000i\000o\000n\000a\000d\000a}{subsection.2.2}% 9
\BOOKMARK [2][-]{subsection.2.3}{\376\377\000V\000a\000r\000i\000a\000s\000\040\000v\000a\000r\000i\000a\000b\000l\000e\000s\000\040\000a\000l\000e\000a\000t\000o\000r\000i\000a\000s}{section.2}% 10
\BOOKMARK [3][-]{subsubsection.2.3.1}{\376\377\000D\000e\000t\000a\000l\000l\000e\000\040\000s\000o\000b\000r\000e\000\040\000i\000n\000d\000e\000p\000e\000n\000d\000e\000n\000c\000i\000a}{subsection.2.3}% 11
\BOOKMARK [2][-]{subsection.2.4}{\376\377\000F\000u\000n\000c\000i\000o\000n\000e\000s\000\040\000g\000e\000n\000e\000r\000a\000t\000r\000i\000c\000e\000s\000\040\000d\000e\000\040\000p\000r\000o\000b\000a\000b\000i\000l\000i\000d\000a\000d}{section.2}% 12
\BOOKMARK [3][-]{subsubsection.2.4.1}{\376\377\000S\000e\000r\000i\000e\000s\000\040\000d\000e\000\040\000p\000o\000t\000e\000n\000c\000i\000a\000s}{subsection.2.4}% 13
\BOOKMARK [3][-]{subsubsection.2.4.2}{\376\377\000F\000u\000n\000c\000i\000o\000n\000e\000s\000\040\000g\000e\000n\000e\000r\000a\000t\000r\000i\000c\000e\000s}{subsection.2.4}% 14
\BOOKMARK [1][-]{section.3}{\376\377\000V\000a\000r\000i\000a\000b\000l\000e\000s\000\040\000a\000l\000e\000a\000t\000o\000r\000i\000a\000s\000\040\000c\000o\000n\000t\000i\000n\000u\000a\000s}{}% 15
\BOOKMARK [2][-]{subsection.3.1}{\376\377\000F\000u\000n\000c\000i\000o\000n\000e\000s\000\040\000/\000\040\000T\000r\000a\000n\000s\000f\000o\000r\000m\000a\000c\000i\000o\000n\000e\000s\000\040\000d\000e\000\040\000v\000.\000a\000.\000c\000.}{section.3}% 16
\BOOKMARK [2][-]{subsection.3.2}{\376\377\000E\000s\000p\000e\000r\000a\000n\000z\000a\000s\000\040\000d\000e\000\040\000v\000.\000a\000.\000c\000.}{section.3}% 17
\BOOKMARK [3][-]{subsubsection.3.2.1}{\376\377\000C\000a\000l\000c\000u\000l\000a\000n\000d\000o\000\040\000c\000o\000n\000\040\000l\000a\000\040\000n\000o\000r\000m\000a\000l\000\040\000\050\000N\000\050\000,\000\040\0002\000\051\000\051}{subsection.3.2}% 18
\BOOKMARK [1][-]{section.4}{\376\377\000E\000j\000e\000r\000c\000i\000c\000i\000o\000s}{}% 19
\BOOKMARK [2][-]{subsection.4.1}{\376\377\000H\000o\000j\000a\000\040\0001}{section.4}% 20
\BOOKMARK [2][-]{subsection.4.2}{\376\377\000H\000o\000j\000a\000\040\0002}{section.4}% 21
